{"/Users/nicolasgaviriamejia/Documents/Projects/personal/expo-boilerplate/App.js": {"path":"/Users/nicolasgaviriamejia/Documents/Projects/personal/expo-boilerplate/App.js","statementMap":{"0":{"start":{"line":7,"column":4},"end":{"line":11,"column":6}}},"fnMap":{"0":{"name":"(anonymous_0)","decl":{"start":{"line":6,"column":2},"end":{"line":6,"column":3}},"loc":{"start":{"line":6,"column":11},"end":{"line":12,"column":3}},"line":6}},"branchMap":{},"s":{"0":0},"f":{"0":0},"b":{},"hash":"de04860bafd66fdd81c8a3a7a5ae39a7d5d323df"}
,"/Users/nicolasgaviriamejia/Documents/Projects/personal/expo-boilerplate/app/components/Cell/CellComponent.js": {"path":"/Users/nicolasgaviriamejia/Documents/Projects/personal/expo-boilerplate/app/components/Cell/CellComponent.js","statementMap":{"0":{"start":{"line":6,"column":4},"end":{"line":19,"column":5}},"1":{"start":{"line":24,"column":15},"end":{"line":36,"column":2}}},"fnMap":{"0":{"name":"(anonymous_0)","decl":{"start":{"line":5,"column":2},"end":{"line":5,"column":3}},"loc":{"start":{"line":5,"column":11},"end":{"line":20,"column":3}},"line":5}},"branchMap":{},"s":{"0":0,"1":0},"f":{"0":0},"b":{},"hash":"c44865ba10416d10b2dc2d74b14ac97b9ff0f11d"}
,"/Users/nicolasgaviriamejia/Documents/Projects/personal/expo-boilerplate/app/components/Dummy/Dummy.component.js": {"path":"/Users/nicolasgaviriamejia/Documents/Projects/personal/expo-boilerplate/app/components/Dummy/Dummy.component.js","statementMap":{"0":{"start":{"line":4,"column":15},"end":{"line":21,"column":2}},"1":{"start":{"line":25,"column":4},"end":{"line":32,"column":6}}},"fnMap":{"0":{"name":"(anonymous_0)","decl":{"start":{"line":24,"column":2},"end":{"line":24,"column":3}},"loc":{"start":{"line":24,"column":11},"end":{"line":33,"column":3}},"line":24}},"branchMap":{},"s":{"0":1,"1":1},"f":{"0":1},"b":{},"_coverageSchema":"43e27e138ebf9cfc5966b082cf9a028302ed4184","hash":"9bb1811e471d9339ebd4987081822ee4f3660f77"}
,"/Users/nicolasgaviriamejia/Documents/Projects/personal/expo-boilerplate/app/components/List/List.component.js": {"path":"/Users/nicolasgaviriamejia/Documents/Projects/personal/expo-boilerplate/app/components/List/List.component.js","statementMap":{"0":{"start":{"line":7,"column":16},"end":{"line":7,"column":28}},"1":{"start":{"line":8,"column":4},"end":{"line":8,"column":21}},"2":{"start":{"line":11,"column":16},"end":{"line":11,"column":28}},"3":{"start":{"line":13,"column":4},"end":{"line":19,"column":5}},"4":{"start":{"line":14,"column":6},"end":{"line":18,"column":7}},"5":{"start":{"line":20,"column":4},"end":{"line":32,"column":5}},"6":{"start":{"line":23,"column":10},"end":{"line":29,"column":17}},"7":{"start":{"line":26,"column":40},"end":{"line":26,"column":65}},"8":{"start":{"line":27,"column":45},"end":{"line":27,"column":57}},"9":{"start":{"line":36,"column":15},"end":{"line":47,"column":2}},"10":{"start":{"line":49,"column":0},"end":{"line":49,"column":31}}},"fnMap":{"0":{"name":"(anonymous_0)","decl":{"start":{"line":6,"column":2},"end":{"line":6,"column":3}},"loc":{"start":{"line":6,"column":22},"end":{"line":9,"column":3}},"line":6},"1":{"name":"(anonymous_1)","decl":{"start":{"line":10,"column":2},"end":{"line":10,"column":3}},"loc":{"start":{"line":10,"column":11},"end":{"line":33,"column":3}},"line":10},"2":{"name":"(anonymous_2)","decl":{"start":{"line":22,"column":9},"end":{"line":22,"column":10}},"loc":{"start":{"line":23,"column":10},"end":{"line":29,"column":17}},"line":23},"3":{"name":"(anonymous_3)","decl":{"start":{"line":26,"column":26},"end":{"line":26,"column":27}},"loc":{"start":{"line":26,"column":40},"end":{"line":26,"column":65}},"line":26},"4":{"name":"(anonymous_4)","decl":{"start":{"line":27,"column":28},"end":{"line":27,"column":29}},"loc":{"start":{"line":27,"column":45},"end":{"line":27,"column":57}},"line":27}},"branchMap":{"0":{"loc":{"start":{"line":13,"column":4},"end":{"line":19,"column":5}},"type":"if","locations":[{"start":{"line":13,"column":4},"end":{"line":19,"column":5}},{"start":{"line":13,"column":4},"end":{"line":19,"column":5}}],"line":13}},"s":{"0":0,"1":0,"2":0,"3":0,"4":0,"5":0,"6":0,"7":0,"8":0,"9":0,"10":0},"f":{"0":0,"1":0,"2":0,"3":0,"4":0},"b":{"0":[0,0]},"hash":"538fd8f35ba4d023666550840fcf02b70a6637c7"}
,"/Users/nicolasgaviriamejia/Documents/Projects/personal/expo-boilerplate/app/components/Profile/Profile.component.js": {"path":"/Users/nicolasgaviriamejia/Documents/Projects/personal/expo-boilerplate/app/components/Profile/Profile.component.js","statementMap":{"0":{"start":{"line":7,"column":16},"end":{"line":7,"column":28}},"1":{"start":{"line":8,"column":4},"end":{"line":8,"column":21}},"2":{"start":{"line":11,"column":4},"end":{"line":27,"column":5}},"3":{"start":{"line":14,"column":10},"end":{"line":24,"column":17}},"4":{"start":{"line":31,"column":15},"end":{"line":38,"column":2}},"5":{"start":{"line":40,"column":0},"end":{"line":40,"column":33}}},"fnMap":{"0":{"name":"(anonymous_0)","decl":{"start":{"line":6,"column":2},"end":{"line":6,"column":3}},"loc":{"start":{"line":6,"column":22},"end":{"line":9,"column":3}},"line":6},"1":{"name":"(anonymous_1)","decl":{"start":{"line":10,"column":2},"end":{"line":10,"column":3}},"loc":{"start":{"line":10,"column":11},"end":{"line":28,"column":3}},"line":10},"2":{"name":"(anonymous_2)","decl":{"start":{"line":13,"column":9},"end":{"line":13,"column":10}},"loc":{"start":{"line":14,"column":10},"end":{"line":24,"column":17}},"line":14}},"branchMap":{},"s":{"0":0,"1":0,"2":0,"3":0,"4":0,"5":0},"f":{"0":0,"1":0,"2":0},"b":{},"hash":"81bc02d23472fb35f18c0d45609d22f3c6a9fca5"}
,"/Users/nicolasgaviriamejia/Documents/Projects/personal/expo-boilerplate/app/contexts/AuthContext.js": {"path":"/Users/nicolasgaviriamejia/Documents/Projects/personal/expo-boilerplate/app/contexts/AuthContext.js","statementMap":{"0":{"start":{"line":4,"column":20},"end":{"line":4,"column":35}},"1":{"start":{"line":7,"column":10},"end":{"line":7,"column":23}},"2":{"start":{"line":10,"column":4},"end":{"line":16,"column":9}},"3":{"start":{"line":12,"column":8},"end":{"line":12,"column":33}},"4":{"start":{"line":15,"column":8},"end":{"line":15,"column":33}},"5":{"start":{"line":19,"column":10},"end":{"line":26,"column":3}},"6":{"start":{"line":20,"column":4},"end":{"line":25,"column":5}},"7":{"start":{"line":21,"column":19},"end":{"line":21,"column":72}},"8":{"start":{"line":22,"column":6},"end":{"line":22,"column":18}},"9":{"start":{"line":24,"column":6},"end":{"line":24,"column":29}},"10":{"start":{"line":28,"column":11},"end":{"line":35,"column":3}},"11":{"start":{"line":29,"column":4},"end":{"line":34,"column":5}},"12":{"start":{"line":30,"column":19},"end":{"line":30,"column":61}},"13":{"start":{"line":31,"column":6},"end":{"line":31,"column":18}},"14":{"start":{"line":33,"column":6},"end":{"line":33,"column":31}},"15":{"start":{"line":37,"column":13},"end":{"line":44,"column":3}},"16":{"start":{"line":38,"column":4},"end":{"line":43,"column":5}},"17":{"start":{"line":39,"column":19},"end":{"line":39,"column":58}},"18":{"start":{"line":40,"column":6},"end":{"line":40,"column":18}},"19":{"start":{"line":42,"column":6},"end":{"line":42,"column":31}},"20":{"start":{"line":47,"column":4},"end":{"line":57,"column":6}},"21":{"start":{"line":61,"column":21},"end":{"line":61,"column":41}}},"fnMap":{"0":{"name":"(anonymous_0)","decl":{"start":{"line":9,"column":2},"end":{"line":9,"column":3}},"loc":{"start":{"line":9,"column":23},"end":{"line":17,"column":3}},"line":9},"1":{"name":"(anonymous_1)","decl":{"start":{"line":11,"column":12},"end":{"line":11,"column":13}},"loc":{"start":{"line":11,"column":21},"end":{"line":13,"column":7}},"line":11},"2":{"name":"(anonymous_2)","decl":{"start":{"line":14,"column":13},"end":{"line":14,"column":14}},"loc":{"start":{"line":14,"column":22},"end":{"line":16,"column":7}},"line":14},"3":{"name":"(anonymous_3)","decl":{"start":{"line":19,"column":10},"end":{"line":19,"column":11}},"loc":{"start":{"line":19,"column":40},"end":{"line":26,"column":3}},"line":19},"4":{"name":"(anonymous_4)","decl":{"start":{"line":28,"column":11},"end":{"line":28,"column":12}},"loc":{"start":{"line":28,"column":23},"end":{"line":35,"column":3}},"line":28},"5":{"name":"(anonymous_5)","decl":{"start":{"line":37,"column":13},"end":{"line":37,"column":14}},"loc":{"start":{"line":37,"column":25},"end":{"line":44,"column":3}},"line":37},"6":{"name":"(anonymous_6)","decl":{"start":{"line":46,"column":2},"end":{"line":46,"column":3}},"loc":{"start":{"line":46,"column":11},"end":{"line":58,"column":3}},"line":46}},"branchMap":{},"s":{"0":0,"1":0,"2":0,"3":0,"4":0,"5":0,"6":0,"7":0,"8":0,"9":0,"10":0,"11":0,"12":0,"13":0,"14":0,"15":0,"16":0,"17":0,"18":0,"19":0,"20":0,"21":0},"f":{"0":0,"1":0,"2":0,"3":0,"4":0,"5":0,"6":0},"b":{},"hash":"c8e384db72e57d05d8da0243253ec1a6764b3689"}
,"/Users/nicolasgaviriamejia/Documents/Projects/personal/expo-boilerplate/app/contexts/ErrorContext.js": {"path":"/Users/nicolasgaviriamejia/Documents/Projects/personal/expo-boilerplate/app/contexts/ErrorContext.js","statementMap":{},"fnMap":{},"branchMap":{},"s":{},"f":{},"b":{},"hash":"3e20a5d7d64c8d8d533670c3dd157210d6fd8836"}
,"/Users/nicolasgaviriamejia/Documents/Projects/personal/expo-boilerplate/app/contexts/PostContext.js": {"path":"/Users/nicolasgaviriamejia/Documents/Projects/personal/expo-boilerplate/app/contexts/PostContext.js","statementMap":{"0":{"start":{"line":3,"column":20},"end":{"line":3,"column":41}},"1":{"start":{"line":6,"column":10},"end":{"line":8,"column":3}},"2":{"start":{"line":10,"column":4},"end":{"line":17,"column":5}},"3":{"start":{"line":19,"column":17},"end":{"line":29,"column":3}},"4":{"start":{"line":20,"column":4},"end":{"line":28,"column":5}},"5":{"start":{"line":21,"column":23},"end":{"line":21,"column":81}},"6":{"start":{"line":22,"column":27},"end":{"line":22,"column":48}},"7":{"start":{"line":23,"column":6},"end":{"line":25,"column":9}},"8":{"start":{"line":27,"column":6},"end":{"line":27,"column":14}},"9":{"start":{"line":32,"column":21},"end":{"line":32,"column":41}}},"fnMap":{"0":{"name":"(anonymous_0)","decl":{"start":{"line":9,"column":2},"end":{"line":9,"column":3}},"loc":{"start":{"line":9,"column":11},"end":{"line":18,"column":3}},"line":9},"1":{"name":"(anonymous_1)","decl":{"start":{"line":19,"column":17},"end":{"line":19,"column":18}},"loc":{"start":{"line":19,"column":29},"end":{"line":29,"column":3}},"line":19}},"branchMap":{},"s":{"0":0,"1":0,"2":0,"3":0,"4":0,"5":0,"6":0,"7":0,"8":0,"9":0},"f":{"0":0,"1":0},"b":{},"hash":"21d2dec14cd29ee6cc73fc9afc06fcd133359765"}
,"/Users/nicolasgaviriamejia/Documents/Projects/personal/expo-boilerplate/app/contexts/TestContext.js": {"path":"/Users/nicolasgaviriamejia/Documents/Projects/personal/expo-boilerplate/app/contexts/TestContext.js","statementMap":{"0":{"start":{"line":3,"column":20},"end":{"line":3,"column":41}},"1":{"start":{"line":6,"column":10},"end":{"line":11,"column":3}},"2":{"start":{"line":13,"column":4},"end":{"line":23,"column":5}},"3":{"start":{"line":16,"column":30},"end":{"line":18,"column":10}},"4":{"start":{"line":25,"column":17},"end":{"line":35,"column":3}},"5":{"start":{"line":26,"column":4},"end":{"line":34,"column":5}},"6":{"start":{"line":27,"column":23},"end":{"line":27,"column":82}},"7":{"start":{"line":28,"column":27},"end":{"line":28,"column":48}},"8":{"start":{"line":29,"column":6},"end":{"line":31,"column":9}},"9":{"start":{"line":33,"column":6},"end":{"line":33,"column":14}},"10":{"start":{"line":38,"column":21},"end":{"line":38,"column":41}}},"fnMap":{"0":{"name":"(anonymous_0)","decl":{"start":{"line":12,"column":2},"end":{"line":12,"column":3}},"loc":{"start":{"line":12,"column":11},"end":{"line":24,"column":3}},"line":12},"1":{"name":"(anonymous_1)","decl":{"start":{"line":16,"column":24},"end":{"line":16,"column":25}},"loc":{"start":{"line":16,"column":30},"end":{"line":18,"column":10}},"line":16},"2":{"name":"(anonymous_2)","decl":{"start":{"line":25,"column":17},"end":{"line":25,"column":18}},"loc":{"start":{"line":25,"column":29},"end":{"line":35,"column":3}},"line":25}},"branchMap":{},"s":{"0":0,"1":0,"2":0,"3":0,"4":0,"5":0,"6":0,"7":0,"8":0,"9":0,"10":0},"f":{"0":0,"1":0,"2":0},"b":{},"hash":"e8c69a214adff19474c90545aecb8a1a57a0aee1"}
,"/Users/nicolasgaviriamejia/Documents/Projects/personal/expo-boilerplate/app/routes/MainTabNavigator.js": {"path":"/Users/nicolasgaviriamejia/Documents/Projects/personal/expo-boilerplate/app/routes/MainTabNavigator.js","statementMap":{},"fnMap":{},"branchMap":{},"s":{},"f":{},"b":{},"hash":"fd13517d79f8f758136fc41050fe167c264db639"}
,"/Users/nicolasgaviriamejia/Documents/Projects/personal/expo-boilerplate/app/routes/index.js": {"path":"/Users/nicolasgaviriamejia/Documents/Projects/personal/expo-boilerplate/app/routes/index.js","statementMap":{"0":{"start":{"line":7,"column":18},"end":{"line":10,"column":1}},"1":{"start":{"line":12,"column":21},"end":{"line":20,"column":1}}},"fnMap":{},"branchMap":{},"s":{"0":0,"1":0},"f":{},"b":{},"hash":"9b73ff6e14330704614c6ff0f5d3365afd71c738"}
,"/Users/nicolasgaviriamejia/Documents/Projects/personal/expo-boilerplate/app/screens/About/About.screen.js": {"path":"/Users/nicolasgaviriamejia/Documents/Projects/personal/expo-boilerplate/app/screens/About/About.screen.js","statementMap":{"0":{"start":{"line":7,"column":4},"end":{"line":11,"column":6}}},"fnMap":{"0":{"name":"(anonymous_0)","decl":{"start":{"line":6,"column":2},"end":{"line":6,"column":3}},"loc":{"start":{"line":6,"column":11},"end":{"line":12,"column":3}},"line":6}},"branchMap":{},"s":{"0":0},"f":{"0":0},"b":{},"hash":"544cde6d5f6311566b890b21445d01f5e50ce3a5"}
,"/Users/nicolasgaviriamejia/Documents/Projects/personal/expo-boilerplate/app/screens/Home/Home.screen.js": {"path":"/Users/nicolasgaviriamejia/Documents/Projects/personal/expo-boilerplate/app/screens/Home/Home.screen.js","statementMap":{"0":{"start":{"line":7,"column":4},"end":{"line":11,"column":6}}},"fnMap":{"0":{"name":"(anonymous_0)","decl":{"start":{"line":6,"column":2},"end":{"line":6,"column":3}},"loc":{"start":{"line":6,"column":11},"end":{"line":12,"column":3}},"line":6}},"branchMap":{},"s":{"0":0},"f":{"0":0},"b":{},"hash":"c049c48d409771982ca4191f551f29cb11e794a5"}
,"/Users/nicolasgaviriamejia/Documents/Projects/personal/expo-boilerplate/app/screens/Login/Login.screen.js": {"path":"/Users/nicolasgaviriamejia/Documents/Projects/personal/expo-boilerplate/app/screens/Login/Login.screen.js","statementMap":{"0":{"start":{"line":15,"column":10},"end":{"line":19,"column":3}},"1":{"start":{"line":21,"column":4},"end":{"line":54,"column":6}},"2":{"start":{"line":24,"column":10},"end":{"line":51,"column":33}},"3":{"start":{"line":32,"column":48},"end":{"line":32,"column":75}},"4":{"start":{"line":39,"column":48},"end":{"line":39,"column":75}},"5":{"start":{"line":45,"column":35},"end":{"line":45,"column":59}},"6":{"start":{"line":56,"column":17},"end":{"line":65,"column":3}},"7":{"start":{"line":57,"column":35},"end":{"line":57,"column":45}},"8":{"start":{"line":58,"column":4},"end":{"line":64,"column":8}},"9":{"start":{"line":60,"column":8},"end":{"line":60,"column":45}},"10":{"start":{"line":63,"column":8},"end":{"line":63,"column":32}},"11":{"start":{"line":69,"column":15},"end":{"line":120,"column":2}}},"fnMap":{"0":{"name":"(anonymous_0)","decl":{"start":{"line":20,"column":2},"end":{"line":20,"column":3}},"loc":{"start":{"line":20,"column":11},"end":{"line":55,"column":3}},"line":20},"1":{"name":"(anonymous_1)","decl":{"start":{"line":23,"column":9},"end":{"line":23,"column":10}},"loc":{"start":{"line":24,"column":10},"end":{"line":51,"column":33}},"line":24},"2":{"name":"(anonymous_2)","decl":{"start":{"line":32,"column":34},"end":{"line":32,"column":35}},"loc":{"start":{"line":32,"column":48},"end":{"line":32,"column":75}},"line":32},"3":{"name":"(anonymous_3)","decl":{"start":{"line":39,"column":34},"end":{"line":39,"column":35}},"loc":{"start":{"line":39,"column":48},"end":{"line":39,"column":75}},"line":39},"4":{"name":"(anonymous_4)","decl":{"start":{"line":45,"column":29},"end":{"line":45,"column":30}},"loc":{"start":{"line":45,"column":35},"end":{"line":45,"column":59}},"line":45},"5":{"name":"(anonymous_5)","decl":{"start":{"line":56,"column":17},"end":{"line":56,"column":18}},"loc":{"start":{"line":56,"column":34},"end":{"line":65,"column":3}},"line":56},"6":{"name":"(anonymous_6)","decl":{"start":{"line":59,"column":12},"end":{"line":59,"column":13}},"loc":{"start":{"line":59,"column":22},"end":{"line":61,"column":7}},"line":59},"7":{"name":"(anonymous_7)","decl":{"start":{"line":62,"column":13},"end":{"line":62,"column":14}},"loc":{"start":{"line":62,"column":24},"end":{"line":64,"column":7}},"line":62}},"branchMap":{},"s":{"0":0,"1":0,"2":0,"3":0,"4":0,"5":0,"6":0,"7":0,"8":0,"9":0,"10":0,"11":0},"f":{"0":0,"1":0,"2":0,"3":0,"4":0,"5":0,"6":0,"7":0},"b":{},"hash":"edb8d40c0f7fa33f4d187c93f6897afc44c670d0"}
,"/Users/nicolasgaviriamejia/Documents/Projects/personal/expo-boilerplate/app/screens/Profile/Profile.screen.js": {"path":"/Users/nicolasgaviriamejia/Documents/Projects/personal/expo-boilerplate/app/screens/Profile/Profile.screen.js","statementMap":{"0":{"start":{"line":6,"column":4},"end":{"line":10,"column":6}}},"fnMap":{"0":{"name":"(anonymous_0)","decl":{"start":{"line":5,"column":2},"end":{"line":5,"column":3}},"loc":{"start":{"line":5,"column":11},"end":{"line":11,"column":3}},"line":5}},"branchMap":{},"s":{"0":0},"f":{"0":0},"b":{},"hash":"bcccd1e774e9cda5d82191ab1df9d2f3fce1f994"}
}
